app/build/intermediates/manifest_merge_blame_file/debug/manifest-merger-blame-debug-report.txt
1<?xml version="1.0" encoding="utf-8"?>
2<manifest xmlns:android="http://schemas.android.com/apk/res/android"
3    package="com.cst2335Lab7"
4    android:versionCode="1"
5    android:versionName="1.0" >
6
7    <uses-sdk
8        android:minSdkVersion="16"
8-->src\main\AndroidManifest.xml
9        android:targetSdkVersion="30" />
9-->src\main\AndroidManifest.xml
10
11    <uses-feature
11-->src\main\AndroidManifest.xml:5:5-7:35
12        android:name="android.hardware.camera"
12-->src\main\AndroidManifest.xml:6:9-47
13        android:required="true" />
13-->src\main\AndroidManifest.xml:7:9-32
14
15    <uses-permission android:name="android.permission.CAMERA" />
15-->src\main\AndroidManifest.xml:9:5-65
15-->src\main\AndroidManifest.xml:9:22-62
16    <uses-permission android:name="android.permission.INTERNET" />
16-->src\main\AndroidManifest.xml:10:5-67
16-->src\main\AndroidManifest.xml:10:22-64
17
18    <application
18-->src\main\AndroidManifest.xml:12:5-36:19
19        android:allowBackup="true"
19-->src\main\AndroidManifest.xml:13:9-35
20        android:appComponentFactory="androidx.core.app.CoreComponentFactory"
20-->[androidx.core:core:1.3.1] AndroidManifest.xml:24:18-86
21        android:debuggable="true"
22        android:icon="@mipmap/ic_launcher"
22-->src\main\AndroidManifest.xml:14:9-43
23        android:label="@string/app_name"
23-->src\main\AndroidManifest.xml:15:9-41
24        android:roundIcon="@mipmap/ic_launcher_round"
24-->src\main\AndroidManifest.xml:16:9-54
25        android:supportsRtl="true"
25-->src\main\AndroidManifest.xml:17:9-35
26        android:testOnly="true"
27        android:theme="@style/Theme.cst2335Lab7" >
27-->src\main\AndroidManifest.xml:18:9-49
28        <activity android:name="com.cst2335Lab7.EmptyActivity" />
28-->src\main\AndroidManifest.xml:19:9-75
28-->src\main\AndroidManifest.xml:19:19-63
29        <activity android:name="com.cst2335Lab7.WeatherForecast" />
29-->src\main\AndroidManifest.xml:20:9-68
29-->src\main\AndroidManifest.xml:20:19-65
30        <activity
30-->src\main\AndroidManifest.xml:21:9-23:46
31            android:name="com.cst2335Lab7.ProfileActivity"
31-->src\main\AndroidManifest.xml:22:13-59
32            android:configChanges="locale" />
32-->src\main\AndroidManifest.xml:23:13-43
33        <activity
33-->src\main\AndroidManifest.xml:24:9-26:46
34            android:name="com.cst2335Lab7.ChatRoomActivity"
34-->src\main\AndroidManifest.xml:25:13-60
35            android:configChanges="locale" />
35-->src\main\AndroidManifest.xml:26:13-43
36        <activity
36-->src\main\AndroidManifest.xml:27:9-35:20
37            android:name="com.cst2335Lab7.MainActivity"
37-->src\main\AndroidManifest.xml:28:13-56
38            android:configChanges="locale" >
38-->src\main\AndroidManifest.xml:29:13-43
39            <intent-filter>
39-->src\main\AndroidManifest.xml:30:13-34:29
40                <action android:name="android.intent.action.MAIN" />
40-->src\main\AndroidManifest.xml:31:17-69
40-->src\main\AndroidManifest.xml:31:25-66
41
42                <category android:name="android.intent.category.LAUNCHER" />
42-->src\main\AndroidManifest.xml:33:17-77
42-->src\main\AndroidManifest.xml:33:27-74
43            </intent-filter>
44        </activity>
45    </application>
46
47</manifest>